CoreEngine.obj : error LNK2019: unresolved external symbol SDL_GL_SwapWindow referenced in function "private: void __cdecl CoreEngine::Render(void)" (?Render@CoreEngine@@AEAAXXZ)
CoreEngine.obj : error LNK2019: unresolved external symbol SDL_WarpMouseInWindow referenced in function "public: bool __cdecl CoreEngine::OnCreate(class std::basic_string<char,struct std::char_traits<char>,class std::allocator<char> >,int,int)" (?OnCreate@CoreEngine@@QEAA_NV?$basic_string@DU?$char_traits@D@std@@V?$allocator@D@2@@std@@HH@Z)
CoreEngine.obj : error LNK2019: unresolved external symbol SDL_Delay referenced in function "public: void __cdecl CoreEngine::Run(void)" (?Run@CoreEngine@@QEAAXXZ)
CoreEngine.obj : error LNK2019: unresolved external symbol SDL_Quit referenced in function "private: void __cdecl CoreEngine::OnDestroy(void)" (?OnDestroy@CoreEngine@@AEAAXXZ)
CoreEngine.obj : error LNK2019: unresolved external symbol __imp_glClear referenced in function "private: void __cdecl CoreEngine::Render(void)" (?Render@CoreEngine@@AEAAXXZ)
CoreEngine.obj : error LNK2019: unresolved external symbol __imp_glClearColor referenced in function "private: void __cdecl CoreEngine::Render(void)" (?Render@CoreEngine@@AEAAXXZ)
EventListener.obj : error LNK2019: unresolved external symbol SDL_PollEvent referenced in function "public: static void __cdecl EventListener::Update(void)" (?Update@EventListener@@SAXXZ)
Window.obj : error LNK2019: unresolved external symbol SDL_CreateWindow referenced in function "public: bool __cdecl Window::OnCreate(class std::basic_string<char,struct std::char_traits<char>,class std::allocator<char> >,int,int)" (?OnCreate@Window@@QEAA_NV?$basic_string@DU?$char_traits@D@std@@V?$allocator@D@2@@std@@HH@Z)
Window.obj : error LNK2019: unresolved external symbol SDL_DestroyWindow referenced in function "public: void __cdecl Window::OnDestroy(void)" (?OnDestroy@Window@@QEAAXXZ)
Window.obj : error LNK2019: unresolved external symbol SDL_GL_SetAttribute referenced in function "private: void __cdecl Window::SetPostAttributes(void)" (?SetPostAttributes@Window@@AEAAXXZ)
Window.obj : error LNK2019: unresolved external symbol SDL_GL_CreateContext referenced in function "public: bool __cdecl Window::OnCreate(class std::basic_string<char,struct std::char_traits<char>,class std::allocator<char> >,int,int)" (?OnCreate@Window@@QEAA_NV?$basic_string@DU?$char_traits@D@std@@V?$allocator@D@2@@std@@HH@Z)
Window.obj : error LNK2019: unresolved external symbol SDL_GL_SetSwapInterval referenced in function "private: void __cdecl Window::SetPreAttributes(void)" (?SetPreAttributes@Window@@AEAAXXZ)
Window.obj : error LNK2019: unresolved external symbol SDL_GL_DeleteContext referenced in function "public: void __cdecl Window::OnDestroy(void)" (?OnDestroy@Window@@QEAAXXZ)
Window.obj : error LNK2019: unresolved external symbol SDL_Init referenced in function "public: bool __cdecl Window::OnCreate(class std::basic_string<char,struct std::char_traits<char>,class std::allocator<char> >,int,int)" (?OnCreate@Window@@QEAA_NV?$basic_string@DU?$char_traits@D@std@@V?$allocator@D@2@@std@@HH@Z)
Window.obj : error LNK2019: unresolved external symbol __imp_glEnable referenced in function "public: bool __cdecl Window::OnCreate(class std::basic_string<char,struct std::char_traits<char>,class std::allocator<char> >,int,int)" (?OnCreate@Window@@QEAA_NV?$basic_string@DU?$char_traits@D@std@@V?$allocator@D@2@@std@@HH@Z)
Window.obj : error LNK2019: unresolved external symbol __imp_glGetString referenced in function "public: bool __cdecl Window::OnCreate(class std::basic_string<char,struct std::char_traits<char>,class std::allocator<char> >,int,int)" (?OnCreate@Window@@QEAA_NV?$basic_string@DU?$char_traits@D@std@@V?$allocator@D@2@@std@@HH@Z)
Window.obj : error LNK2019: unresolved external symbol __imp_glViewport referenced in function "public: bool __cdecl Window::OnCreate(class std::basic_string<char,struct std::char_traits<char>,class std::allocator<char> >,int,int)" (?OnCreate@Window@@QEAA_NV?$basic_string@DU?$char_traits@D@std@@V?$allocator@D@2@@std@@HH@Z)
Window.obj : error LNK2019: unresolved external symbol __imp_glewInit referenced in function "public: bool __cdecl Window::OnCreate(class std::basic_string<char,struct std::char_traits<char>,class std::allocator<char> >,int,int)" (?OnCreate@Window@@QEAA_NV?$basic_string@DU?$char_traits@D@std@@V?$allocator@D@2@@std@@HH@Z)
Window.obj : error LNK2001: unresolved external symbol __imp_glewExperimental
Timer.obj : error LNK2019: unresolved external symbol SDL_GetTicks referenced in function "public: unsigned int __cdecl Timer::GetSleepTime(unsigned int)const " (?GetSleepTime@Timer@@QEBAII@Z)
Mesh.obj : error LNK2019: unresolved external symbol __imp_glBindTexture referenced in function "public: void __cdecl Mesh::Render(class Camera *,class std::vector<struct glm::tmat4x4<float,0>,class std::allocator<struct glm::tmat4x4<float,0> > >)" (?Render@Mesh@@QEAAXPEAVCamera@@V?$vector@U?$tmat4x4@M$0A@@glm@@V?$allocator@U?$tmat4x4@M$0A@@glm@@@std@@@std@@@Z)
TextureHandler.obj : error LNK2001: unresolved external symbol __imp_glBindTexture
Mesh.obj : error LNK2019: unresolved external symbol __imp_glDrawArrays referenced in function "public: void __cdecl Mesh::Render(class Camera *,class std::vector<struct glm::tmat4x4<float,0>,class std::allocator<struct glm::tmat4x4<float,0> > >)" (?Render@Mesh@@QEAAXPEAVCamera@@V?$vector@U?$tmat4x4@M$0A@@glm@@V?$allocator@U?$tmat4x4@M$0A@@glm@@@std@@@std@@@Z)
Mesh.obj : error LNK2001: unresolved external symbol __imp___glewActiveTexture
Mesh.obj : error LNK2001: unresolved external symbol __imp___glewBindBuffer
Mesh.obj : error LNK2001: unresolved external symbol __imp___glewBufferData
Mesh.obj : error LNK2001: unresolved external symbol __imp___glewDeleteBuffers
Mesh.obj : error LNK2001: unresolved external symbol __imp___glewGenBuffers
Mesh.obj : error LNK2001: unresolved external symbol __imp___glewEnableVertexAttribArray
Mesh.obj : error LNK2001: unresolved external symbol __imp___glewGetUniformLocation
Mesh.obj : error LNK2001: unresolved external symbol __imp___glewUniform1f
Mesh.obj : error LNK2001: unresolved external symbol __imp___glewUniform1i
Mesh.obj : error LNK2001: unresolved external symbol __imp___glewUniform3fv
Mesh.obj : error LNK2001: unresolved external symbol __imp___glewUniformMatrix4fv
Mesh.obj : error LNK2001: unresolved external symbol __imp___glewVertexAttribPointer
Mesh.obj : error LNK2001: unresolved external symbol __imp___glewBindVertexArray
Mesh.obj : error LNK2001: unresolved external symbol __imp___glewDeleteVertexArrays
Mesh.obj : error LNK2001: unresolved external symbol __imp___glewGenVertexArrays
ShaderHandler.obj : error LNK2001: unresolved external symbol __imp___glewAttachShader
ShaderHandler.obj : error LNK2001: unresolved external symbol __imp___glewCompileShader
ShaderHandler.obj : error LNK2001: unresolved external symbol __imp___glewCreateProgram
ShaderHandler.obj : error LNK2001: unresolved external symbol __imp___glewCreateShader
ShaderHandler.obj : error LNK2001: unresolved external symbol __imp___glewDeleteProgram
ShaderHandler.obj : error LNK2001: unresolved external symbol __imp___glewDeleteShader
ShaderHandler.obj : error LNK2001: unresolved external symbol __imp___glewGetProgramInfoLog
ShaderHandler.obj : error LNK2001: unresolved external symbol __imp___glewGetProgramiv
ShaderHandler.obj : error LNK2001: unresolved external symbol __imp___glewGetShaderInfoLog
ShaderHandler.obj : error LNK2001: unresolved external symbol __imp___glewGetShaderiv
ShaderHandler.obj : error LNK2001: unresolved external symbol __imp___glewLinkProgram
ShaderHandler.obj : error LNK2001: unresolved external symbol __imp___glewShaderSource
TextureHandler.obj : error LNK2019: unresolved external symbol SDL_FreeSurface referenced in function "public: void __cdecl TextureHandler::CreateTexture(class std::basic_string<char,struct std::char_traits<char>,class std::allocator<char> > const &,class std::basic_string<char,struct std::char_traits<char>,class std::allocator<char> > const &)" (?CreateTexture@TextureHandler@@QEAAXAEBV?$basic_string@DU?$char_traits@D@std@@V?$allocator@D@2@@std@@0@Z)
TextureHandler.obj : error LNK2019: unresolved external symbol IMG_Load referenced in function "public: void __cdecl TextureHandler::CreateTexture(class std::basic_string<char,struct std::char_traits<char>,class std::allocator<char> > const &,class std::basic_string<char,struct std::char_traits<char>,class std::allocator<char> > const &)" (?CreateTexture@TextureHandler@@QEAAXAEBV?$basic_string@DU?$char_traits@D@std@@V?$allocator@D@2@@std@@0@Z)
TextureHandler.obj : error LNK2019: unresolved external symbol __imp_glDeleteTextures referenced in function "public: void __cdecl TextureHandler::OnDestroy(void)" (?OnDestroy@TextureHandler@@QEAAXXZ)
TextureHandler.obj : error LNK2019: unresolved external symbol __imp_glGenTextures referenced in function "public: void __cdecl TextureHandler::CreateTexture(class std::basic_string<char,struct std::char_traits<char>,class std::allocator<char> > const &,class std::basic_string<char,struct std::char_traits<char>,class std::allocator<char> > const &)" (?CreateTexture@TextureHandler@@QEAAXAEBV?$basic_string@DU?$char_traits@D@std@@V?$allocator@D@2@@std@@0@Z)
TextureHandler.obj : error LNK2019: unresolved external symbol __imp_glTexImage2D referenced in function "public: void __cdecl TextureHandler::CreateTexture(class std::basic_string<char,struct std::char_traits<char>,class std::allocator<char> > const &,class std::basic_string<char,struct std::char_traits<char>,class std::allocator<char> > const &)" (?CreateTexture@TextureHandler@@QEAAXAEBV?$basic_string@DU?$char_traits@D@std@@V?$allocator@D@2@@std@@0@Z)
TextureHandler.obj : error LNK2019: unresolved external symbol __imp_glTexParameteri referenced in function "public: void __cdecl TextureHandler::CreateTexture(class std::basic_string<char,struct std::char_traits<char>,class std::allocator<char> > const &,class std::basic_string<char,struct std::char_traits<char>,class std::allocator<char> > const &)" (?CreateTexture@TextureHandler@@QEAAXAEBV?$basic_string@DU?$char_traits@D@std@@V?$allocator@D@2@@std@@0@Z)
TextureHandler.obj : error LNK2001: unresolved external symbol __imp___glewGenerateMipmap
MouseEventListener.obj : error LNK2019: unresolved external symbol SDL_GetMouseState referenced in function "private: static void __cdecl MouseEventListener::UpdateMousePosition(void)" (?UpdateMousePosition@MouseEventListener@@CAXXZ)
SceneGraph.obj : error LNK2001: unresolved external symbol __imp___glewUseProgram
MSVCRTD.lib(exe_main.obj) : error LNK2019: unresolved external symbol main referenced in function "int __cdecl invoke_main(void)" (?invoke_main@@YAHXZ)
C:\Users\froli\Documents\GitHub\GAME258\GameEngine\x64\Debug\GameEngine.exe : fatal error LNK1120: 59 unresolved externals
