  CollisionHandler.cpp
  CollisionDetection.cpp
  Camera.cpp
  CoreEngine.cpp
  GameObject.cpp
C:\Users\froli\Documents\GitHub\GAME258\GameEngine\GameEngine\Engine\Rendering\3D\GameObject.cpp(60,17): warning C4244: 'argument': conversion from 'double' to 'float', possible loss of data
  EventListener.cpp
  GameScene.cpp
  Game1.cpp
  LoadOBJModel.cpp
C:\Users\froli\Documents\GitHub\GAME258\GameEngine\GameEngine\Engine\Rendering\3D\LoadOBJModel.cpp(101,20): warning C4018: '<': signed/unsigned mismatch
  Main.cpp
  StartScene.cpp
  Mesh.cpp
C:\Users\froli\Documents\GitHub\GAME258\GameEngine\GameEngine\Engine\Rendering\3D\Mesh.cpp(50,20): warning C4018: '<': signed/unsigned mismatch
  Model.cpp
C:\Users\froli\Documents\GitHub\GAME258\GameEngine\GameEngine\Engine\Rendering\3D\Model.cpp(60,20): warning C4018: '<': signed/unsigned mismatch
  MouseEventListener.cpp
C:\Users\froli\Documents\GitHub\GAME258\GameEngine\GameEngine\Engine\Events\MouseEventListener.cpp(78,54): warning C4244: '=': conversion from 'T' to 'int', possible loss of data
          with
          [
              T=float
          ]
C:\Users\froli\Documents\GitHub\GAME258\GameEngine\GameEngine\Engine\Events\MouseEventListener.cpp(81,27): warning C4244: '=': conversion from 'int' to 'T', possible loss of data
          with
          [
              T=float
          ]
C:\Users\froli\Documents\GitHub\GAME258\GameEngine\GameEngine\Engine\Events\MouseEventListener.cpp(82,27): warning C4244: '=': conversion from 'int' to 'T', possible loss of data
          with
          [
              T=float
          ]
C:\Users\froli\Documents\GitHub\GAME258\GameEngine\GameEngine\Engine\Events\MouseEventListener.cpp(88,13): warning C4244: '=': conversion from 'int' to 'T', possible loss of data
          with
          [
              T=float
          ]
C:\Users\froli\Documents\GitHub\GAME258\GameEngine\GameEngine\Engine\Events\MouseEventListener.cpp(89,13): warning C4244: '=': conversion from 'int' to 'T', possible loss of data
          with
          [
              T=float
          ]
  SceneGraph.cpp
  Generating Code...
  GameEngine.vcxproj -> C:\Users\froli\Documents\GitHub\GAME258\GameEngine\Debug\GameEngine.exe
